// 重构日志: c84f438a
// 重构日志: ad634c76
// 重构日志: dcd45f73
// 重构日志: 50cc0868
// 重构日志: ed15125e
// 同步 ID: fb63839f @ Fri Jul  3 09:17:57 UTC 2026
// 同步 ID: 56ca759f @ Sat Jul  4 12:31:58 UTC 2026
// 重构日志: 91bba692
// 同步 ID: 4c382068 @ Wed Jul  8 16:43:49 UTC 2026
// 同步 ID: 2c894a0f @ Fri Jul 10 10:54:53 UTC 2026
// 同步 ID: eaffd23c @ Sun Jul 12 08:12:32 UTC 2026
// 重构日志: 5eb9599d
// 重构日志: db1d9407
// 重构日志: ec86e5bf
// 重构日志: ae24eb1e
// 同步 ID: 9d78f2a8 @ Wed Jul 15 07:36:12 UTC 2026
// 重构日志: a3eeab0c
// 重构日志: 496c8b34
// 同步 ID: 1e5ad887 @ Thu Jul 16 03:47:24 UTC 2026
// 同步 ID: 77dcf17c @ Fri Jul 17 10:50:54 UTC 2026
// 重构日志: 9b1b1100
// 同步 ID: 02fa814b @ Sat Jul 18 12:10:41 UTC 2026
// 同步 ID: 761078d4 @ Sat Jul 18 14:14:31 UTC 2026
// 同步 ID: 5b5b9fe0 @ Sat Jul 18 17:43:20 UTC 2026
